[Wed Nov 12 12:07:09.789033 2025] [ssl:warn] [pid 24228:tid 516] AH01909: www.example.com:443:0 server certificate does NOT include an ID which matches the server name
[Wed Nov 12 12:07:09.877564 2025] [ssl:warn] [pid 24228:tid 516] AH01909: www.example.com:443:0 server certificate does NOT include an ID which matches the server name
[Wed Nov 12 12:07:10.536008 2025] [mpm_winnt:notice] [pid 24228:tid 516] AH00455: Apache/2.4.58 (Win64) OpenSSL/3.1.3 PHP/8.2.12 configured -- resuming normal operations
[Wed Nov 12 12:07:10.536008 2025] [mpm_winnt:notice] [pid 24228:tid 516] AH00456: Apache Lounge VS17 Server built: Oct 18 2023 13:03:18
[Wed Nov 12 12:07:10.536008 2025] [core:notice] [pid 24228:tid 516] AH00094: Command line: 'c:\\users\\t0307760\\desktop\\fatec\\xampp\\apache\\bin\\httpd.exe -d C:/Users/t0307760/Desktop/fatec/xampp/apache'
[Wed Nov 12 12:07:10.547010 2025] [mpm_winnt:notice] [pid 24228:tid 516] AH00418: Parent: Created child process 18960
[Wed Nov 12 12:07:11.566468 2025] [ssl:warn] [pid 18960:tid 512] AH01909: www.example.com:443:0 server certificate does NOT include an ID which matches the server name
[Wed Nov 12 12:07:11.623468 2025] [ssl:warn] [pid 18960:tid 512] AH01909: www.example.com:443:0 server certificate does NOT include an ID which matches the server name
[Wed Nov 12 12:07:11.681983 2025] [mpm_winnt:notice] [pid 18960:tid 512] AH00354: Child: Starting 150 worker threads.
[Wed Nov 12 16:44:19.321221 2025] [php:error] [pid 18960:tid 1964] [client ::1:55112] PHP Parse error:  syntax error, unexpected token "if" in C:\\Users\\t0307760\\Desktop\\fatec\\xampp\\htdocs\\podcastplus_php_db\\php\\cadastro.php on line 9, referer: http://localhost/podcastplus_php_db/views/register.php
[Wed Nov 12 16:45:10.698997 2025] [php:error] [pid 18960:tid 1956] [client ::1:56325] PHP Parse error:  syntax error, unexpected token "}" in C:\\Users\\t0307760\\Desktop\\fatec\\xampp\\htdocs\\podcastplus_php_db\\php\\connection.php on line 11, referer: http://localhost/podcastplus_php_db/views/register.php
[Wed Nov 12 16:45:32.892413 2025] [php:error] [pid 18960:tid 1964] [client ::1:58865] PHP Parse error:  syntax error, unexpected token "}" in C:\\Users\\t0307760\\Desktop\\fatec\\xampp\\htdocs\\podcastplus_php_db\\php\\connection.php on line 11, referer: http://localhost/podcastplus_php_db/views/register.php
[Wed Nov 12 16:46:06.895880 2025] [php:warn] [pid 18960:tid 1964] [client ::1:59773] PHP Warning:  Undefined array key "usuario" in C:\\Users\\t0307760\\Desktop\\fatec\\xampp\\htdocs\\podcastplus_php_db\\php\\cadastro.php on line 4, referer: http://localhost/podcastplus_php_db/views/register.php
[Wed Nov 12 16:46:06.895880 2025] [php:warn] [pid 18960:tid 1964] [client ::1:59773] PHP Warning:  Undefined array key "senha" in C:\\Users\\t0307760\\Desktop\\fatec\\xampp\\htdocs\\podcastplus_php_db\\php\\cadastro.php on line 5, referer: http://localhost/podcastplus_php_db/views/register.php
[Wed Nov 12 16:47:34.399754 2025] [php:warn] [pid 18960:tid 1964] [client ::1:64440] PHP Warning:  Undefined array key "usuario" in C:\\Users\\t0307760\\Desktop\\fatec\\xampp\\htdocs\\podcastplus_php_db\\php\\cadastro.php on line 4, referer: http://localhost/podcastplus_php_db/views/register.php
[Wed Nov 12 16:47:34.399754 2025] [php:warn] [pid 18960:tid 1964] [client ::1:64440] PHP Warning:  Undefined array key "senha" in C:\\Users\\t0307760\\Desktop\\fatec\\xampp\\htdocs\\podcastplus_php_db\\php\\cadastro.php on line 5, referer: http://localhost/podcastplus_php_db/views/register.php
[Wed Nov 12 17:07:32.332007 2025] [php:error] [pid 18960:tid 1956] [client ::1:62651] script 'C:/Users/t0307760/Desktop/fatec/xampp/htdocs/podcastplus_php_db/views/podcasts.php' not found or unable to stat, referer: http://localhost/podcastplus_php_db/php/login.php
[Wed Nov 12 17:07:43.136451 2025] [php:error] [pid 18960:tid 1964] [client ::1:58358] script 'C:/Users/t0307760/Desktop/fatec/xampp/htdocs/podcastplus_php_db/views/podcasts.php' not found or unable to stat, referer: http://localhost/podcastplus_php_db/php/login.php
[Wed Nov 12 17:08:51.513847 2025] [php:error] [pid 18960:tid 1956] [client ::1:59164] script 'C:/Users/t0307760/Desktop/fatec/xampp/htdocs/podcastplus_php_db/views/podcasts.php' not found or unable to stat, referer: http://localhost/podcastplus_php_db/php/login.php
[Wed Nov 12 17:21:55.982558 2025] [php:error] [pid 18960:tid 1956] [client ::1:54547] PHP Fatal error:  Uncaught mysqli_sql_exception: Table 'podcastplus.podcasts' doesn't exist in C:\\Users\\t0307760\\Desktop\\fatec\\xampp\\htdocs\\podcastplus_php_db\\index.php:4\nStack trace:\n#0 C:\\Users\\t0307760\\Desktop\\fatec\\xampp\\htdocs\\podcastplus_php_db\\index.php(4): mysqli->query('SELECT * FROM p...')\n#1 {main}\n  thrown in C:\\Users\\t0307760\\Desktop\\fatec\\xampp\\htdocs\\podcastplus_php_db\\index.php on line 4, referer: http://localhost/podcastplus_php_db/views/login.php?usuario=test&senha=123
[Wed Nov 12 17:22:16.211415 2025] [php:error] [pid 18960:tid 1984] [client ::1:57443] PHP Fatal error:  Uncaught mysqli_sql_exception: Table 'podcastplus.podcasts' doesn't exist in C:\\Users\\t0307760\\Desktop\\fatec\\xampp\\htdocs\\podcastplus_php_db\\index.php:4\nStack trace:\n#0 C:\\Users\\t0307760\\Desktop\\fatec\\xampp\\htdocs\\podcastplus_php_db\\index.php(4): mysqli->query('SELECT * FROM p...')\n#1 {main}\n  thrown in C:\\Users\\t0307760\\Desktop\\fatec\\xampp\\htdocs\\podcastplus_php_db\\index.php on line 4, referer: http://localhost/podcastplus_php_db/views/login.php?usuario=test&senha=123
[Wed Nov 12 17:22:20.068088 2025] [php:error] [pid 18960:tid 1984] [client ::1:57443] PHP Fatal error:  Uncaught mysqli_sql_exception: Table 'podcastplus.podcasts' doesn't exist in C:\\Users\\t0307760\\Desktop\\fatec\\xampp\\htdocs\\podcastplus_php_db\\index.php:4\nStack trace:\n#0 C:\\Users\\t0307760\\Desktop\\fatec\\xampp\\htdocs\\podcastplus_php_db\\index.php(4): mysqli->query('SELECT * FROM p...')\n#1 {main}\n  thrown in C:\\Users\\t0307760\\Desktop\\fatec\\xampp\\htdocs\\podcastplus_php_db\\index.php on line 4, referer: http://localhost/podcastplus_php_db/views/login.php?usuario=test&senha=123
